[24/Feb/2019:00:02:52 +0530] 0:0:0:0:0:0:0:1 "OPTIONS /CSummary/employees/filtered?_=1550946771598 HTTP/1.1" 200 (193 ms)
[24/Feb/2019:00:02:53 +0530] 0:0:0:0:0:0:0:1 "GET /CSummary/employees/filtered?_=1550946771598 HTTP/1.1" 400 (603 ms)
[24/Feb/2019:00:03:11 +0530] 0:0:0:0:0:0:0:1 "OPTIONS /CSummary/employees/filtered?senior=11&junior=11&budget=111&_=1550946771599 HTTP/1.1" 200 (17 ms)
[24/Feb/2019:00:03:11 +0530] 0:0:0:0:0:0:0:1 "GET /CSummary/employees/filtered?senior=11&junior=11&budget=111&_=1550946771599 HTTP/1.1" 200 (685 ms)
[24/Feb/2019:00:03:49 +0530] 0:0:0:0:0:0:0:1 "OPTIONS /CSummary/employees/filtered?_=1550946828356 HTTP/1.1" 200 (2 ms)
[24/Feb/2019:00:03:49 +0530] 0:0:0:0:0:0:0:1 "GET /CSummary/employees/filtered?_=1550946828356 HTTP/1.1" 400 (16 ms)
[24/Feb/2019:00:03:58 +0530] 0:0:0:0:0:0:0:1 "OPTIONS /CSummary/employees/filtered?_=1550946838050 HTTP/1.1" 200 (1 ms)
[24/Feb/2019:00:03:58 +0530] 0:0:0:0:0:0:0:1 "GET /CSummary/employees/filtered?_=1550946838050 HTTP/1.1" 400 (9 ms)
[24/Feb/2019:00:14:14 +0530] 0:0:0:0:0:0:0:1 "OPTIONS /CSummary/employees/filtered?senior=11&junior=0&budget=0&_=1550946852897 HTTP/1.1" 200 (564 ms)
[24/Feb/2019:00:14:15 +0530] 0:0:0:0:0:0:0:1 "GET /CSummary/employees/filtered?senior=11&junior=0&budget=0&_=1550946852897 HTTP/1.1" 500 (1464 ms)
[24/Feb/2019:00:17:29 +0530] 0:0:0:0:0:0:0:1 "OPTIONS /CSummary/employees/filtered?senior=11&junior=0&budget=0&_=1550946852898 HTTP/1.1" 200 (188 ms)
[24/Feb/2019:00:17:30 +0530] 0:0:0:0:0:0:0:1 "GET /CSummary/employees/filtered?senior=11&junior=0&budget=0&_=1550946852898 HTTP/1.1" 500 (483 ms)
[24/Feb/2019:00:18:14 +0530] 0:0:0:0:0:0:0:1 "OPTIONS /CSummary/employees/filtered?senior=11&junior=0&budget=0&_=1550946852899 HTTP/1.1" 200 (86 ms)
[24/Feb/2019:00:18:15 +0530] 0:0:0:0:0:0:0:1 "GET /CSummary/employees/filtered?senior=11&junior=0&budget=0&_=1550946852899 HTTP/1.1" 500 (271 ms)
[24/Feb/2019:00:18:50 +0530] 0:0:0:0:0:0:0:1 "OPTIONS /CSummary/employees/filtered?senior=11&junior=0&budget=0&_=1550946852900 HTTP/1.1" 200 (87 ms)
[24/Feb/2019:00:18:51 +0530] 0:0:0:0:0:0:0:1 "GET /CSummary/employees/filtered?senior=11&junior=0&budget=0&_=1550946852900 HTTP/1.1" 200 (739 ms)
[24/Feb/2019:00:19:24 +0530] 0:0:0:0:0:0:0:1 "OPTIONS /CSummary/employees/filtered?senior=11&junior=0&budget=0&_=1550947755328 HTTP/1.1" 200 (112 ms)
[24/Feb/2019:00:19:24 +0530] 0:0:0:0:0:0:0:1 "GET /CSummary/employees/filtered?senior=11&junior=0&budget=0&_=1550947755328 HTTP/1.1" 200 (157 ms)
[24/Feb/2019:00:25:54 +0530] 0:0:0:0:0:0:0:1 "OPTIONS /CSummary/employees/filtered?senior=11&junior=0&budget=0&_=1550947755329 HTTP/1.1" 200 (115 ms)
[24/Feb/2019:00:25:55 +0530] 0:0:0:0:0:0:0:1 "GET /CSummary/employees/filtered?senior=11&junior=0&budget=0&_=1550947755329 HTTP/1.1" 200 (617 ms)
[24/Feb/2019:00:26:04 +0530] 0:0:0:0:0:0:0:1 "OPTIONS /CSummary/employees/filtered?senior=2&junior=0&budget=0&_=1550947755330 HTTP/1.1" 200 (29 ms)
[24/Feb/2019:00:26:04 +0530] 0:0:0:0:0:0:0:1 "GET /CSummary/employees/filtered?senior=2&junior=0&budget=0&_=1550947755330 HTTP/1.1" 200 (44 ms)
[24/Feb/2019:00:26:08 +0530] 0:0:0:0:0:0:0:1 "OPTIONS /CSummary/employees/filtered?senior=10&junior=0&budget=0&_=1550947755331 HTTP/1.1" 200 (7 ms)
[24/Feb/2019:00:26:08 +0530] 0:0:0:0:0:0:0:1 "GET /CSummary/employees/filtered?senior=10&junior=0&budget=0&_=1550947755331 HTTP/1.1" 200 (61 ms)
[24/Feb/2019:00:28:52 +0530] 0:0:0:0:0:0:0:1 "OPTIONS /CSummary/employees/filtered?senior=1&junior=1&budget=0&_=1550947755332 HTTP/1.1" 200 (93 ms)
[24/Feb/2019:00:28:52 +0530] 0:0:0:0:0:0:0:1 "GET /CSummary/employees/filtered?senior=1&junior=1&budget=0&_=1550947755332 HTTP/1.1" 200 (395 ms)
[24/Feb/2019:00:31:45 +0530] 0:0:0:0:0:0:0:1 "OPTIONS /CSummary/employees/filtered?senior=2&junior=3&budget=0&_=1550948496483 HTTP/1.1" 200 (89 ms)
[24/Feb/2019:00:31:45 +0530] 0:0:0:0:0:0:0:1 "GET /CSummary/employees/filtered?senior=2&junior=3&budget=0&_=1550948496483 HTTP/1.1" 200 (290 ms)
[24/Feb/2019:00:37:18 +0530] 0:0:0:0:0:0:0:1 "OPTIONS /CSummary/employees/filtered?senior=1&junior=1&budget=11111111111111&_=1550948827217 HTTP/1.1" 200 (3 ms)
[24/Feb/2019:00:37:18 +0530] 0:0:0:0:0:0:0:1 "GET /CSummary/employees/filtered?senior=1&junior=1&budget=11111111111111&_=1550948827217 HTTP/1.1" 400 (59 ms)
[24/Feb/2019:00:37:32 +0530] 0:0:0:0:0:0:0:1 "OPTIONS /CSummary/employees/filtered?senior=1&junior=1&budget=11111111111&_=1550948827218 HTTP/1.1" 200 (8 ms)
[24/Feb/2019:00:37:32 +0530] 0:0:0:0:0:0:0:1 "GET /CSummary/employees/filtered?senior=1&junior=1&budget=11111111111&_=1550948827218 HTTP/1.1" 400 (38 ms)
[24/Feb/2019:00:37:48 +0530] 0:0:0:0:0:0:0:1 "OPTIONS /CSummary/employees/filtered?senior=1&junior=1&budget=1111&_=1550948827219 HTTP/1.1" 200 (11 ms)
[24/Feb/2019:00:37:48 +0530] 0:0:0:0:0:0:0:1 "GET /CSummary/employees/filtered?senior=1&junior=1&budget=1111&_=1550948827219 HTTP/1.1" 200 (55 ms)
[24/Feb/2019:00:38:23 +0530] 0:0:0:0:0:0:0:1 "OPTIONS /CSummary/employees/filtered?senior=1&junior=1&budget=1111&_=1550948827220 HTTP/1.1" 200 (83 ms)
[24/Feb/2019:00:38:24 +0530] 0:0:0:0:0:0:0:1 "GET /CSummary/employees/filtered?senior=1&junior=1&budget=1111&_=1550948827220 HTTP/1.1" 200 (284 ms)
[24/Feb/2019:00:38:27 +0530] 0:0:0:0:0:0:0:1 "OPTIONS /CSummary/employees/filtered?senior=1&junior=1&budget=1111&_=1550948827221 HTTP/1.1" 200 (10 ms)
[24/Feb/2019:00:38:27 +0530] 0:0:0:0:0:0:0:1 "GET /CSummary/employees/filtered?senior=1&junior=1&budget=1111&_=1550948827221 HTTP/1.1" 200 (51 ms)
[24/Feb/2019:00:38:35 +0530] 0:0:0:0:0:0:0:1 "OPTIONS /CSummary/employees/filtered?senior=1&junior=1&budget=1111&_=1550948827222 HTTP/1.1" 200 (13 ms)
[24/Feb/2019:00:38:35 +0530] 0:0:0:0:0:0:0:1 "GET /CSummary/employees/filtered?senior=1&junior=1&budget=1111&_=1550948827222 HTTP/1.1" 200 (78 ms)
[24/Feb/2019:00:39:05 +0530] 0:0:0:0:0:0:0:1 "OPTIONS /CSummary/employees/filtered?senior=1&junior=1&budget=11&_=1550948936261 HTTP/1.1" 200 (6 ms)
[24/Feb/2019:00:39:05 +0530] 0:0:0:0:0:0:0:1 "GET /CSummary/employees/filtered?senior=1&junior=1&budget=11&_=1550948936261 HTTP/1.1" 200 (36 ms)
[24/Feb/2019:00:39:29 +0530] 0:0:0:0:0:0:0:1 "OPTIONS /CSummary/employees/filtered?senior=1&junior=1&budget=1&_=1550948963755 HTTP/1.1" 200 (7 ms)
[24/Feb/2019:00:39:29 +0530] 0:0:0:0:0:0:0:1 "GET /CSummary/employees/filtered?senior=1&junior=1&budget=1&_=1550948963755 HTTP/1.1" 200 (33 ms)
[24/Feb/2019:00:39:54 +0530] 0:0:0:0:0:0:0:1 "OPTIONS /CSummary/employees/filtered?senior=1&junior=1&budget=1&_=1550948987184 HTTP/1.1" 200 (5 ms)
[24/Feb/2019:00:39:54 +0530] 0:0:0:0:0:0:0:1 "GET /CSummary/employees/filtered?senior=1&junior=1&budget=1&_=1550948987184 HTTP/1.1" 200 (37 ms)
[24/Feb/2019:00:41:53 +0530] 0:0:0:0:0:0:0:1 "OPTIONS /CSummary/employees/filtered?senior=1&junior=1&budget=1&_=1550949108453 HTTP/1.1" 200 (61 ms)
[24/Feb/2019:00:41:54 +0530] 0:0:0:0:0:0:0:1 "GET /CSummary/employees/filtered?senior=1&junior=1&budget=1&_=1550949108453 HTTP/1.1" 200 (245 ms)
[24/Feb/2019:00:42:51 +0530] 0:0:0:0:0:0:0:1 "OPTIONS /CSummary/employees/filtered?senior=1&junior=1&budget=1&_=1550949165301 HTTP/1.1" 200 (67 ms)
[24/Feb/2019:00:42:51 +0530] 0:0:0:0:0:0:0:1 "GET /CSummary/employees/filtered?senior=1&junior=1&budget=1&_=1550949165301 HTTP/1.1" 200 (257 ms)
[24/Feb/2019:00:43:04 +0530] 0:0:0:0:0:0:0:1 "OPTIONS /CSummary/employees/filtered?senior=1&junior=1&budget=1111111&_=1550949165302 HTTP/1.1" 200 (13 ms)
[24/Feb/2019:00:43:04 +0530] 0:0:0:0:0:0:0:1 "GET /CSummary/employees/filtered?senior=1&junior=1&budget=1111111&_=1550949165302 HTTP/1.1" 200 (35 ms)
[24/Feb/2019:00:43:16 +0530] 0:0:0:0:0:0:0:1 "OPTIONS /CSummary/employees/filtered?senior=1&junior=1&budget=99999999&_=1550949165303 HTTP/1.1" 200 (5 ms)
[24/Feb/2019:00:43:16 +0530] 0:0:0:0:0:0:0:1 "GET /CSummary/employees/filtered?senior=1&junior=1&budget=99999999&_=1550949165303 HTTP/1.1" 200 (96 ms)
[24/Feb/2019:00:44:08 +0530] 0:0:0:0:0:0:0:1 "OPTIONS /CSummary/employees/filtered?senior=11&junior=11&budget=999999999&_=1550949219104 HTTP/1.1" 200 (7 ms)
[24/Feb/2019:00:44:09 +0530] 0:0:0:0:0:0:0:1 "GET /CSummary/employees/filtered?senior=11&junior=11&budget=999999999&_=1550949219104 HTTP/1.1" 200 (252 ms)
[24/Feb/2019:00:44:17 +0530] 0:0:0:0:0:0:0:1 "OPTIONS /CSummary/employees/generate?_=1550949219105 HTTP/1.1" 200 (6 ms)
[24/Feb/2019:00:44:21 +0530] 0:0:0:0:0:0:0:1 "OPTIONS /CSummary/employees/filtered?senior=11&junior=11&budget=999999999&_=1550949219106 HTTP/1.1" 200 (2 ms)
[24/Feb/2019:00:44:21 +0530] 0:0:0:0:0:0:0:1 "GET /CSummary/employees/filtered?senior=11&junior=11&budget=999999999&_=1550949219106 HTTP/1.1" 200 (29 ms)
[24/Feb/2019:00:44:22 +0530] 0:0:0:0:0:0:0:1 "GET /CSummary/employees/generate?_=1550949219105 HTTP/1.1" 200 (2297 ms)
[24/Feb/2019:00:47:41 +0530] 0:0:0:0:0:0:0:1 "OPTIONS /CSummary/employees/filtered?senior=1&junior=1&budget=999999999&_=1550949452518 HTTP/1.1" 200 (7 ms)
[24/Feb/2019:00:47:41 +0530] 0:0:0:0:0:0:0:1 "GET /CSummary/employees/filtered?senior=1&junior=1&budget=999999999&_=1550949452518 HTTP/1.1" 200 (91 ms)
[24/Feb/2019:00:48:09 +0530] 0:0:0:0:0:0:0:1 "OPTIONS /CSummary/employees/filtered?senior=1&junior=1&budget=999999999&_=1550949452519 HTTP/1.1" 200 (191 ms)
[24/Feb/2019:00:48:10 +0530] 0:0:0:0:0:0:0:1 "GET /CSummary/employees/filtered?senior=1&junior=1&budget=999999999&_=1550949452519 HTTP/1.1" 200 (855 ms)
[24/Feb/2019:00:48:18 +0530] 0:0:0:0:0:0:0:1 "OPTIONS /CSummary/employees/generate?_=1550949452520 HTTP/1.1" 200 (12 ms)
[24/Feb/2019:00:48:21 +0530] 0:0:0:0:0:0:0:1 "GET /CSummary/employees/generate?_=1550949452520 HTTP/1.1" 200 (1391 ms)
[24/Feb/2019:00:48:24 +0530] 0:0:0:0:0:0:0:1 "OPTIONS /CSummary/employees/filtered?senior=11&junior=11&budget=999999999&_=1550949452521 HTTP/1.1" 200 (108 ms)
[24/Feb/2019:00:48:24 +0530] 0:0:0:0:0:0:0:1 "GET /CSummary/employees/filtered?senior=11&junior=11&budget=999999999&_=1550949452521 HTTP/1.1" 200 (59 ms)
[24/Feb/2019:00:48:29 +0530] 0:0:0:0:0:0:0:1 "OPTIONS /CSummary/employees/filtered?senior=11&junior=11&budget=99999999&_=1550949452522 HTTP/1.1" 200 (7 ms)
[24/Feb/2019:00:48:29 +0530] 0:0:0:0:0:0:0:1 "GET /CSummary/employees/filtered?senior=11&junior=11&budget=99999999&_=1550949452522 HTTP/1.1" 200 (40 ms)
[24/Feb/2019:00:48:32 +0530] 0:0:0:0:0:0:0:1 "OPTIONS /CSummary/employees/generate?_=1550949452523 HTTP/1.1" 200 (7 ms)
[24/Feb/2019:00:48:35 +0530] 0:0:0:0:0:0:0:1 "GET /CSummary/employees/generate?_=1550949452523 HTTP/1.1" 200 (968 ms)
[24/Feb/2019:00:48:35 +0530] 0:0:0:0:0:0:0:1 "OPTIONS /CSummary/employees/filtered?senior=11&junior=11&budget=99999999&_=1550949452524 HTTP/1.1" 200 (3 ms)
[24/Feb/2019:00:48:35 +0530] 0:0:0:0:0:0:0:1 "GET /CSummary/employees/filtered?senior=11&junior=11&budget=99999999&_=1550949452524 HTTP/1.1" 200 (47 ms)
[24/Feb/2019:00:48:37 +0530] 0:0:0:0:0:0:0:1 "OPTIONS /CSummary/employees/generate?_=1550949452525 HTTP/1.1" 200 (6 ms)
[24/Feb/2019:00:48:40 +0530] 0:0:0:0:0:0:0:1 "GET /CSummary/employees/generate?_=1550949452525 HTTP/1.1" 200 (944 ms)
[24/Feb/2019:00:48:40 +0530] 0:0:0:0:0:0:0:1 "OPTIONS /CSummary/employees/filtered?senior=11&junior=11&budget=99999999&_=1550949452526 HTTP/1.1" 200 (6 ms)
[24/Feb/2019:00:48:40 +0530] 0:0:0:0:0:0:0:1 "GET /CSummary/employees/filtered?senior=11&junior=11&budget=99999999&_=1550949452526 HTTP/1.1" 200 (34 ms)
[24/Feb/2019:00:48:42 +0530] 0:0:0:0:0:0:0:1 "OPTIONS /CSummary/employees/generate?_=1550949452527 HTTP/1.1" 200 (3 ms)
[24/Feb/2019:00:48:44 +0530] 0:0:0:0:0:0:0:1 "GET /CSummary/employees/generate?_=1550949452527 HTTP/1.1" 200 (967 ms)
[24/Feb/2019:00:48:45 +0530] 0:0:0:0:0:0:0:1 "OPTIONS /CSummary/employees/filtered?senior=11&junior=11&budget=99999999&_=1550949452528 HTTP/1.1" 200 (5 ms)
[24/Feb/2019:00:48:45 +0530] 0:0:0:0:0:0:0:1 "GET /CSummary/employees/filtered?senior=11&junior=11&budget=99999999&_=1550949452528 HTTP/1.1" 200 (25 ms)
[24/Feb/2019:01:01:55 +0530] 0:0:0:0:0:0:0:1 "OPTIONS /CSummary/employees/filtered?senior=1&junior=1&budget=1&_=1550950299423 HTTP/1.1" 200 (402 ms)
[24/Feb/2019:01:01:56 +0530] 0:0:0:0:0:0:0:1 "GET /CSummary/employees/filtered?senior=1&junior=1&budget=1&_=1550950299423 HTTP/1.1" 200 (1328 ms)
[24/Feb/2019:01:02:03 +0530] 0:0:0:0:0:0:0:1 "OPTIONS /CSummary/employees/filtered?senior=1&junior=1&budget=100000000&_=1550950299424 HTTP/1.1" 200 (110 ms)
[24/Feb/2019:01:02:03 +0530] 0:0:0:0:0:0:0:1 "GET /CSummary/employees/filtered?senior=1&junior=1&budget=100000000&_=1550950299424 HTTP/1.1" 200 (47 ms)
[24/Feb/2019:01:02:08 +0530] 0:0:0:0:0:0:0:1 "OPTIONS /CSummary/employees/generate?_=1550950299425 HTTP/1.1" 200 (3 ms)
[24/Feb/2019:01:02:12 +0530] 0:0:0:0:0:0:0:1 "OPTIONS /CSummary/employees/filtered?senior=1&junior=1&budget=100000000&_=1550950299426 HTTP/1.1" 200 (2 ms)
[24/Feb/2019:01:02:12 +0530] 0:0:0:0:0:0:0:1 "GET /CSummary/employees/filtered?senior=1&junior=1&budget=100000000&_=1550950299426 HTTP/1.1" 200 (220 ms)
[24/Feb/2019:01:02:13 +0530] 0:0:0:0:0:0:0:1 "GET /CSummary/employees/generate?_=1550950299425 HTTP/1.1" 200 (3123 ms)
[24/Feb/2019:01:02:20 +0530] 0:0:0:0:0:0:0:1 "OPTIONS /CSummary/employees/generate?_=1550950299427 HTTP/1.1" 200 (8 ms)
[24/Feb/2019:01:02:24 +0530] 0:0:0:0:0:0:0:1 "GET /CSummary/employees/generate?_=1550950299427 HTTP/1.1" 200 (1298 ms)
[24/Feb/2019:01:02:24 +0530] 0:0:0:0:0:0:0:1 "OPTIONS /CSummary/employees/filtered?senior=1&junior=1&budget=100000000&_=1550950299428 HTTP/1.1" 200 (6 ms)
[24/Feb/2019:01:02:24 +0530] 0:0:0:0:0:0:0:1 "GET /CSummary/employees/filtered?senior=1&junior=1&budget=100000000&_=1550950299428 HTTP/1.1" 200 (80 ms)
