[23/Feb/2019:20:20:29 +0530] 0:0:0:0:0:0:0:1 "OPTIONS /CSummary/employees/?_=1550933423328 HTTP/1.1" 200 (100 ms)
[23/Feb/2019:20:20:31 +0530] 0:0:0:0:0:0:0:1 "GET /CSummary/employees/?_=1550933423328 HTTP/1.1" 200 (677 ms)
[23/Feb/2019:20:44:40 +0530] 0:0:0:0:0:0:0:1 "OPTIONS /CSummary/generate?_=1550934872163 HTTP/1.1" 200 (203 ms)
[23/Feb/2019:20:44:44 +0530] 0:0:0:0:0:0:0:1 "GET /CSummary/generate?_=1550934872163 HTTP/1.1" 404 (544 ms)
[23/Feb/2019:20:45:08 +0530] 0:0:0:0:0:0:0:1 "OPTIONS /CSummary/generate?_=1550934872164 HTTP/1.1" 200 (108 ms)
[23/Feb/2019:20:45:10 +0530] 0:0:0:0:0:0:0:1 "GET /CSummary/generate?_=1550934872164 HTTP/1.1" 404 (33 ms)
[23/Feb/2019:20:45:58 +0530] 0:0:0:0:0:0:0:1 "OPTIONS /CSummary/employees/generate?_=1550934951697 HTTP/1.1" 200 (3 ms)
[23/Feb/2019:20:46:03 +0530] 0:0:0:0:0:0:0:1 "GET /CSummary/employees/generate?_=1550934951697 HTTP/1.1" 200 (2092 ms)
[23/Feb/2019:20:52:17 +0530] 0:0:0:0:0:0:0:1 "OPTIONS /CSummary/employees/generate?_=1550934951698 HTTP/1.1" 200 (99 ms)
[23/Feb/2019:20:52:22 +0530] 0:0:0:0:0:0:0:1 "GET /CSummary/employees/generate?_=1550934951698 HTTP/1.1" 200 (1824 ms)
[23/Feb/2019:21:00:27 +0530] 0:0:0:0:0:0:0:1 "OPTIONS /CSummary/employees/filtered?_=1550935825871 HTTP/1.1" 200 (270 ms)
[23/Feb/2019:21:01:29 +0530] 0:0:0:0:0:0:0:1 "OPTIONS /CSummary/employees/filtered?_=1550935888000 HTTP/1.1" 200 (291 ms)
[23/Feb/2019:21:01:30 +0530] 0:0:0:0:0:0:0:1 "GET /CSummary/employees/filtered?_=1550935888000 HTTP/1.1" 200 (972 ms)
[23/Feb/2019:21:07:02 +0530] 0:0:0:0:0:0:0:1 "OPTIONS /CSummary/employees/filtered?_=1550936220986 HTTP/1.1" 200 (4 ms)
[23/Feb/2019:21:07:02 +0530] 0:0:0:0:0:0:0:1 "GET /CSummary/employees/filtered?_=1550936220986 HTTP/1.1" 200 (215 ms)
[23/Feb/2019:21:08:16 +0530] 0:0:0:0:0:0:0:1 "OPTIONS /CSummary/employees/filtered?_=1550936294801 HTTP/1.1" 200 (31 ms)
[23/Feb/2019:21:08:17 +0530] 0:0:0:0:0:0:0:1 "GET /CSummary/employees/filtered?_=1550936294801 HTTP/1.1" 200 (440 ms)
[23/Feb/2019:21:09:11 +0530] 0:0:0:0:0:0:0:1 "OPTIONS /CSummary/employees/filtered?_=1550936349935 HTTP/1.1" 200 (1 ms)
[23/Feb/2019:21:09:12 +0530] 0:0:0:0:0:0:0:1 "GET /CSummary/employees/filtered?_=1550936349935 HTTP/1.1" 200 (247 ms)
[23/Feb/2019:21:10:10 +0530] 0:0:0:0:0:0:0:1 "OPTIONS /CSummary/employees/filtered?_=1550936408583 HTTP/1.1" 200 (1 ms)
[23/Feb/2019:21:10:10 +0530] 0:0:0:0:0:0:0:1 "GET /CSummary/employees/filtered?_=1550936408583 HTTP/1.1" 200 (103 ms)
[23/Feb/2019:21:10:50 +0530] 0:0:0:0:0:0:0:1 "OPTIONS /CSummary/employees/filtered?_=1550936448348 HTTP/1.1" 200 (15 ms)
[23/Feb/2019:21:10:50 +0530] 0:0:0:0:0:0:0:1 "GET /CSummary/employees/filtered?_=1550936448348 HTTP/1.1" 200 (138 ms)
[23/Feb/2019:21:11:11 +0530] 0:0:0:0:0:0:0:1 "OPTIONS /CSummary/employees/filtered?_=1550936469128 HTTP/1.1" 200 (1 ms)
[23/Feb/2019:21:11:11 +0530] 0:0:0:0:0:0:0:1 "GET /CSummary/employees/filtered?_=1550936469128 HTTP/1.1" 200 (143 ms)
[23/Feb/2019:21:15:12 +0530] 0:0:0:0:0:0:0:1 "OPTIONS /CSummary/employees/filtered?_=1550936711181 HTTP/1.1" 200 (23 ms)
[23/Feb/2019:21:15:13 +0530] 0:0:0:0:0:0:0:1 "GET /CSummary/employees/filtered?_=1550936711181 HTTP/1.1" 200 (383 ms)
[23/Feb/2019:21:17:11 +0530] 0:0:0:0:0:0:0:1 "OPTIONS /CSummary/employees/filtered?_=1550936830041 HTTP/1.1" 200 (1 ms)
[23/Feb/2019:21:17:12 +0530] 0:0:0:0:0:0:0:1 "GET /CSummary/employees/filtered?_=1550936830041 HTTP/1.1" 200 (508 ms)
[23/Feb/2019:21:18:10 +0530] 0:0:0:0:0:0:0:1 "OPTIONS /CSummary/employees/filtered?_=1550936888011 HTTP/1.1" 200 (38 ms)
[23/Feb/2019:21:18:16 +0530] 0:0:0:0:0:0:0:1 "GET /CSummary/employees/filtered?_=1550936888011 HTTP/1.1" 200 (3453 ms)
[23/Feb/2019:21:22:16 +0530] 0:0:0:0:0:0:0:1 "OPTIONS /CSummary/employees/filtered?_=1550937134459 HTTP/1.1" 200 (5 ms)
[23/Feb/2019:21:22:17 +0530] 0:0:0:0:0:0:0:1 "GET /CSummary/employees/filtered?_=1550937134459 HTTP/1.1" 200 (125 ms)
[23/Feb/2019:21:26:03 +0530] 0:0:0:0:0:0:0:1 "OPTIONS /CSummary/employees/filtered?_=1550937362505 HTTP/1.1" 200 (290 ms)
[23/Feb/2019:21:26:04 +0530] 0:0:0:0:0:0:0:1 "GET /CSummary/employees/filtered?_=1550937362505 HTTP/1.1" 400 (588 ms)
[23/Feb/2019:21:26:10 +0530] 0:0:0:0:0:0:0:1 "OPTIONS /CSummary/employees/filtered?senior=0junior=0budget=0&_=1550937362506 HTTP/1.1" 200 (14 ms)
[23/Feb/2019:21:26:10 +0530] 0:0:0:0:0:0:0:1 "GET /CSummary/employees/filtered?senior=0junior=0budget=0&_=1550937362506 HTTP/1.1" 400 (58 ms)
[23/Feb/2019:21:26:17 +0530] 0:0:0:0:0:0:0:1 "OPTIONS /CSummary/employees/filtered?senior=0junior=0budget=0&_=1550937362507 HTTP/1.1" 200 (5 ms)
[23/Feb/2019:21:26:17 +0530] 0:0:0:0:0:0:0:1 "GET /CSummary/employees/filtered?senior=0junior=0budget=0&_=1550937362507 HTTP/1.1" 400 (39 ms)
[23/Feb/2019:21:26:57 +0530] 0:0:0:0:0:0:0:1 "OPTIONS /CSummary/employees/filtered?_=1550937415290 HTTP/1.1" 200 (2 ms)
[23/Feb/2019:21:26:57 +0530] 0:0:0:0:0:0:0:1 "GET /CSummary/employees/filtered?_=1550937415290 HTTP/1.1" 400 (21 ms)
[23/Feb/2019:21:27:05 +0530] 0:0:0:0:0:0:0:1 "OPTIONS /CSummary/employees/filtered?senior=0&junior=0&budget=0&_=1550937415291 HTTP/1.1" 200 (5 ms)
[23/Feb/2019:21:27:17 +0530] 0:0:0:0:0:0:0:1 "GET /CSummary/employees/filtered?senior=0&junior=0&budget=0&_=1550937415291 HTTP/1.1" 200 (12549 ms)
[23/Feb/2019:21:27:29 +0530] 0:0:0:0:0:0:0:1 "OPTIONS /CSummary/employees/filtered?senior=12&junior=12&budget=55555555&_=1550937415292 HTTP/1.1" 200 (10 ms)
[23/Feb/2019:21:27:35 +0530] 0:0:0:0:0:0:0:1 "GET /CSummary/employees/filtered?senior=12&junior=12&budget=55555555&_=1550937415292 HTTP/1.1" 200 (6308 ms)
[23/Feb/2019:21:27:42 +0530] 0:0:0:0:0:0:0:1 "OPTIONS /CSummary/employees/filtered?senior=12&junior=44&budget=55555555&_=1550937415293 HTTP/1.1" 200 (6 ms)
[23/Feb/2019:21:28:18 +0530] 0:0:0:0:0:0:0:1 "OPTIONS /CSummary/employees/filtered?senior=12&junior=44&budget=55555555&_=1550937415294 HTTP/1.1" 200 (2 ms)
[23/Feb/2019:21:28:21 +0530] 0:0:0:0:0:0:0:1 "GET /CSummary/employees/filtered?senior=12&junior=44&budget=55555555&_=1550937415293 HTTP/1.1" 200 (39312 ms)
[23/Feb/2019:21:28:21 +0530] 0:0:0:0:0:0:0:1 "GET /CSummary/employees/filtered?senior=12&junior=44&budget=55555555&_=1550937415294 HTTP/1.1" 200 (2752 ms)
